Ok, im reptilie
VIRTUAL /Users/VladimirMorulus/WorkAreas/mahabra/syntheticjs/synthetic/src/synthetic.js
     /Users/VladimirMorulus/WorkAreas/mahabra/components/inherit/component.json
     SUBVIRTUAL /Users/VladimirMorulus/WorkAreas/mahabra/components/inherit/src/inherit.js
          /Users/VladimirMorulus/WorkAreas/mahabra/components/mixin/component.json
          SUBVIRTUAL /Users/VladimirMorulus/WorkAreas/mahabra/components/mixin/src/mixin.js
     /Users/VladimirMorulus/WorkAreas/mahabra/syntheticjs/synthetic/src/classEvents.js
          /Users/VladimirMorulus/WorkAreas/mahabra/syntheticjs/synthetic/src/smartCallback.js
     /Users/VladimirMorulus/WorkAreas/mahabra/polyvitamins/polychrome/component.json/gist/convert/camelize.js
     SUBVIRTUAL /Users/VladimirMorulus/WorkAreas/mahabra/polyvitamins/polychrome/src/gist/convert/camelize.js
     /Users/VladimirMorulus/WorkAreas/mahabra/syntheticjs/synthetic/src/preFactory.js
     /Users/VladimirMorulus/WorkAreas/mahabra/syntheticjs/synthetic/src/initAngular.js
     /Users/VladimirMorulus/WorkAreas/mahabra/syntheticjs/synthetic/src/scopeGenerator.js
          /Users/VladimirMorulus/WorkAreas/mahabra/syntheticjs/synthetic/src/scopeUtilits.js
     /Users/VladimirMorulus/WorkAreas/mahabra/syntheticjs/synthetic/src/webElementFactory.js
          /Users/VladimirMorulus/WorkAreas/mahabra/syntheticjs/synthetic/src/WebElementPrototype.js
               /Users/VladimirMorulus/WorkAreas/mahabra/syntheticjs/synthetic/src/getObjectByXPath.js
               /Users/VladimirMorulus/WorkAreas/mahabra/polyvitamins/polychrome/component.json/gist/convert/dasherize.js
               SUBVIRTUAL /Users/VladimirMorulus/WorkAreas/mahabra/polyvitamins/polychrome/src/gist/convert/dasherize.js
               /Users/VladimirMorulus/WorkAreas/mahabra/syntheticjs/synthetic/src/getNonScopeValue.js
               /Users/VladimirMorulus/WorkAreas/mahabra/syntheticjs/synthetic/src/box.js
               /Users/VladimirMorulus/WorkAreas/mahabra/syntheticjs/synthetic/src/d3party/polyinherit/polyinherit.js
          /Users/VladimirMorulus/WorkAreas/mahabra/syntheticjs/synthetic/src/d3party/extend/extend.js
          /Users/VladimirMorulus/WorkAreas/mahabra/syntheticjs/synthetic/src/generator.js
               /Users/VladimirMorulus/WorkAreas/mahabra/syntheticjs/synthetic/src/templaters/min.js
               /Users/VladimirMorulus/WorkAreas/mahabra/syntheticjs/synthetic/src/modulePrototype.js
     /Users/VladimirMorulus/WorkAreas/mahabra/polyvitamins~polyinherit@master
     /Users/VladimirMorulus/WorkAreas/mahabra/syntheticjs/synthetic/src/d3party/WebReflection/document-register-element.amd.js
